This is pdfTeX, Version 3.1415926-1.40.10 (TeX Live 2009/Debian) (format=pdflatex 2012.6.2)  6 MAY 2015 23:57
entering extended mode
 \write18 enabled.
 %&-line parsing enabled.
**thesis.tex
(./thesis.tex
LaTeX2e <2009/09/24>
Babel <v3.8l> and hyphenation patterns for english, usenglishmax, dumylang, noh
yphenation, loaded.
(./uuthesis2e.cls
Document Class: uuthesis2e 1998/04/01 v1.3 University of Utah Thesis Class
Document Style `uuthesis2e'. Version 1.8d - 6 Apr 1996
(./Chicago.clo) (/usr/share/texmf-texlive/tex/latex/base/size12.clo
File: size12.clo 2007/10/19 v1.4h Standard LaTeX file (size option)
)
Using 12pt option
\footheight=\dimen102
\numberofappendices=\count79
\c@part=\count80
\c@chapter=\count81
\@titlesize=\dimen103
\@maxsize=\dimen104
\c@figure=\count82
\c@table=\count83
\descriptionmargin=\dimen105
\minilength=\skip41
\c@oldchapter=\count84
\c@oldtocdepth=\count85
) (/usr/share/texmf-texlive/tex/latex/cite/cite.sty
LaTeX Info: Redefining \cite on input line 285.
LaTeX Info: Redefining \nocite on input line 356.
Package: cite 2009/08/29  v 5.2
)
(/usr/share/texmf-texlive/tex/latex/graphics/epsfig.sty
Package: epsfig 1999/02/16 v1.7a (e)psfig emulation (SPQR)

(/usr/share/texmf-texlive/tex/latex/graphics/graphicx.sty
Package: graphicx 1999/02/16 v1.0f Enhanced LaTeX Graphics (DPC,SPQR)

(/usr/share/texmf-texlive/tex/latex/graphics/keyval.sty
Package: keyval 1999/03/16 v1.13 key=value parser (DPC)
\KV@toks@=\toks14
)
(/usr/share/texmf-texlive/tex/latex/graphics/graphics.sty
Package: graphics 2009/02/05 v1.0o Standard LaTeX Graphics (DPC,SPQR)

(/usr/share/texmf-texlive/tex/latex/graphics/trig.sty
Package: trig 1999/03/16 v1.09 sin cos tan (DPC)
)
(/etc/texmf/tex/latex/config/graphics.cfg
File: graphics.cfg 2009/08/28 v1.8 graphics configuration of TeX Live
)
Package graphics Info: Driver file: pdftex.def on input line 91.

(/usr/share/texmf-texlive/tex/latex/pdftex-def/pdftex.def
File: pdftex.def 2010/03/12 v0.04p Graphics/color for pdfTeX
\Gread@gobject=\count86
))
\Gin@req@height=\dimen106
\Gin@req@width=\dimen107
)
\epsfxsize=\dimen108
\epsfysize=\dimen109
)
(/usr/share/texmf-texlive/tex/latex/oberdiek/epstopdf.sty
Package: epstopdf 2009/10/17 v2.4 Conversion with epstopdf on the fly (HO)

(/usr/share/texmf-texlive/tex/latex/oberdiek/epstopdf-base.sty
Package: epstopdf-base 2009/10/17 v2.4 Base part for package epstopdf

(/usr/share/texmf-texlive/tex/generic/oberdiek/infwarerr.sty
Package: infwarerr 2007/09/09 v1.2 Providing info/warning/message (HO)
)
(/usr/share/texmf-texlive/tex/latex/oberdiek/grfext.sty
Package: grfext 2007/09/30 v1.0 Managing graphics extensions (HO)
)
(/usr/share/texmf-texlive/tex/latex/oberdiek/kvoptions.sty
Package: kvoptions 2009/08/13 v3.4 Keyval support for LaTeX options (HO)

(/usr/share/texmf-texlive/tex/generic/oberdiek/kvsetkeys.sty
Package: kvsetkeys 2009/07/30 v1.5 Key value parser with default handler suppor
t (HO)

(/usr/share/texmf-texlive/tex/generic/oberdiek/etexcmds.sty
Package: etexcmds 2007/12/12 v1.2 Prefix for e-TeX command names (HO)
Package etexcmds Info: Could not find \expanded.
(etexcmds)             That can mean that you are not using pdfTeX 1.50 or
(etexcmds)             that some package has redefined \expanded.
(etexcmds)             In the latter case, load this package earlier.
)))
(/usr/share/texmf-texlive/tex/generic/oberdiek/pdftexcmds.sty
Package: pdftexcmds 2009/09/23 v0.6 LuaTeX support for pdfTeX utility functions
 (HO)

(/usr/share/texmf-texlive/tex/generic/oberdiek/ifluatex.sty
Package: ifluatex 2009/04/17 v1.2 Provides the ifluatex switch (HO)
Package ifluatex Info: LuaTeX not detected.
)
(/usr/share/texmf-texlive/tex/generic/oberdiek/ltxcmds.sty
Package: ltxcmds 2009/08/05 v1.0 Some LaTeX kernel commands for general use (HO
)
)
Package pdftexcmds Info: LuaTeX not detected.
Package pdftexcmds Info: \pdf@primitive is available.
Package pdftexcmds Info: \pdf@ifprimitive is available.
)
Package grfext Info: Graphics extension search list:
(grfext)             [.png,.pdf,.jpg,.mps,.jpeg,.jbig2,.jb2,.PNG,.PDF,.JPG,.JPE
G,.JBIG2,.JB2,.eps]
(grfext)             \AppendGraphicsExtensions on input line 433.

(/usr/share/texmf-texlive/tex/latex/latexconfig/epstopdf-sys.cfg
File: epstopdf-sys.cfg 2009/10/26 v1.1 Configuration of epstopdf for TeX Live
)))
(/usr/share/texmf-texlive/tex/latex/graphics/color.sty
Package: color 2005/11/14 v1.0j Standard LaTeX Color (DPC)

(/etc/texmf/tex/latex/config/color.cfg
File: color.cfg 2007/01/18 v1.5 color configuration of teTeX/TeXLive
)
Package color Info: Driver file: pdftex.def on input line 130.
)
(/usr/share/texmf-texlive/tex/latex/float/float.sty
Package: float 2001/11/08 v1.3d Float enhancements (AL)
\c@float@type=\count87
\float@exts=\toks15
\float@box=\box26
\@float@everytoks=\toks16
\@floatcapt=\box27
)
(/usr/share/texmf-texlive/tex/latex/subfig/subfig.sty
Package: subfig 2005/06/28 ver: 1.3 subfig package


Package subfig Warning: Your document class has a bad definition
 of \endfigure, most likely
 \let\endfigure=\end@float
 which has now been changed to
 \def\endfigure{\end@float}
 because otherwise subsequent changes to \end@float
 (like done by several packages changing float behaviour)
 can't take effect on \endfigure.
 Please complain to your document class author.


Package subfig Warning: Your document class has a bad definition
 of \endtable, most likely
 \let\endtable=\end@float
 which has now been changed to
 \def\endtable{\end@float}
 because otherwise subsequent changes to \end@float
 (like done by several packages changing float behaviour)
 can't take effect on \endtable.
 Please complain to your document class author.

(/usr/share/texmf-texlive/tex/latex/caption/caption.sty
Package: caption 2009/10/09 v3.1k Customizing captions (AR)

(/usr/share/texmf-texlive/tex/latex/caption/caption3.sty
Package: caption3 2009/10/09 v3.1k caption3 kernel (AR)
\captionmargin=\dimen110
\captionmargin@=\dimen111
\captionwidth=\dimen112
\caption@indent=\dimen113
\caption@parindent=\dimen114
\caption@hangindent=\dimen115
\abovecaptionskip=\skip42
\belowcaptionskip=\skip43
Package caption Info: Unknown document class (or package),
(caption)             standard defaults will be used on input line 1068.
)

Package caption Warning: Unsupported document class (or package) detected,
(caption)                usage of the caption package is not recommended.
See the caption package documentation for explanation.

Package caption Info: \@makecaption = \long macro:#1#2-> \vskip \captionlineski
p \baselineskip =\captionlineskip \setbox \@tempboxa \hbox {{#1}. #2}\ifdim \wd
 \@tempboxa >\hsize \unhbox \@tempboxa \par \else \hbox to \hsize {\box \@tempb
oxa \hfil }\fi .
\c@ContinuedFloat=\count88
Package caption Info: float package is loaded.
)
\c@KVtest=\count89
\sf@farskip=\skip44
\sf@captopadj=\dimen116
\sf@capskip=\skip45
\sf@nearskip=\skip46
\c@subfigure=\count90
\c@subfigure@save=\count91
\c@lofdepth=\count92
\c@subtable=\count93
\c@subtable@save=\count94
\c@lotdepth=\count95
\sf@top=\skip47
\sf@bottom=\skip48
) (/usr/share/texmf-texlive/tex/latex/amsmath/amsmath.sty
Package: amsmath 2000/07/18 v2.13 AMS math features
\@mathmargin=\skip49

For additional information on amsmath, use the `?' option.
(/usr/share/texmf-texlive/tex/latex/amsmath/amstext.sty
Package: amstext 2000/06/29 v2.01

(/usr/share/texmf-texlive/tex/latex/amsmath/amsgen.sty
File: amsgen.sty 1999/11/30 v2.0
\@emptytoks=\toks17
\ex@=\dimen117
))
(/usr/share/texmf-texlive/tex/latex/amsmath/amsbsy.sty
Package: amsbsy 1999/11/29 v1.2d
\pmbraise@=\dimen118
)
(/usr/share/texmf-texlive/tex/latex/amsmath/amsopn.sty
Package: amsopn 1999/12/14 v2.01 operator names
)
\inf@bad=\count96
LaTeX Info: Redefining \frac on input line 211.
\uproot@=\count97
\leftroot@=\count98
LaTeX Info: Redefining \overline on input line 307.
\classnum@=\count99
\DOTSCASE@=\count100
LaTeX Info: Redefining \ldots on input line 379.
LaTeX Info: Redefining \dots on input line 382.
LaTeX Info: Redefining \cdots on input line 467.
\Mathstrutbox@=\box28
\strutbox@=\box29
\big@size=\dimen119
LaTeX Font Info:    Redeclaring font encoding OML on input line 567.
LaTeX Font Info:    Redeclaring font encoding OMS on input line 568.
\macc@depth=\count101
\c@MaxMatrixCols=\count102
\dotsspace@=\muskip10
\c@parentequation=\count103
\dspbrk@lvl=\count104
\tag@help=\toks18
\row@=\count105
\column@=\count106
\maxfields@=\count107
\andhelp@=\toks19
\eqnshift@=\dimen120
\alignsep@=\dimen121
\tagshift@=\dimen122
\tagwidth@=\dimen123
\totwidth@=\dimen124
\lineht@=\dimen125
\@envbody=\toks20
\multlinegap=\skip50
\multlinetaggap=\skip51
\mathdisplay@stack=\toks21
LaTeX Info: Redefining \[ on input line 2666.
LaTeX Info: Redefining \] on input line 2667.
)
(/usr/share/texmf-texlive/tex/latex/amsfonts/amssymb.sty
Package: amssymb 2009/06/22 v3.00

(/usr/share/texmf-texlive/tex/latex/amsfonts/amsfonts.sty
Package: amsfonts 2009/06/22 v3.00 Basic AMSFonts support
\symAMSa=\mathgroup4
\symAMSb=\mathgroup5
LaTeX Font Info:    Overwriting math alphabet `\mathfrak' in version `bold'
(Font)                  U/euf/m/n --> U/euf/b/n on input line 96.
))
(/usr/share/texmf-texlive/tex/latex/tools/xspace.sty
Package: xspace 2006/05/08 v1.12 Space after command names (DPC,MH)
)
(/usr/share/texmf-texlive/tex/latex/tools/tabularx.sty
Package: tabularx 1999/01/07 v2.07 `tabularx' package (DPC)

(/usr/share/texmf-texlive/tex/latex/tools/array.sty
Package: array 2008/09/09 v2.4c Tabular extension package (FMi)
\col@sep=\dimen126
\extrarowheight=\dimen127
\NC@list=\toks22
\extratabsurround=\skip52
\backup@length=\skip53
)
\TX@col@width=\dimen128
\TX@old@table=\dimen129
\TX@old@col=\dimen130
\TX@target=\dimen131
\TX@delta=\dimen132
\TX@cols=\count108
\TX@ftn=\toks23
)
(/usr/share/texmf-texlive/tex/latex/rotating/rotating.sty
Package: rotating 2009/03/28 v2.16a rotated objects in LaTeX

(/usr/share/texmf-texlive/tex/latex/base/ifthen.sty
Package: ifthen 2001/05/26 v1.1c Standard LaTeX ifthen package (DPC)
)
\c@r@tfl@t=\count109
\rotFPtop=\skip54
\rotFPbot=\skip55
\rot@float@box=\box30
\rot@mess@toks=\toks24
)
(/usr/share/texmf-texlive/tex/latex/graphics/lscape.sty
Package: lscape 2000/10/22 v3.01 Landscape Pages (DPC)
)
(/usr/share/texmf-texlive/tex/latex/tools/afterpage.sty
Package: afterpage 1995/10/27 v1.08 After-Page Package (DPC)
\AP@output=\toks25
\AP@partial=\box31
\AP@footins=\box32
)
(/usr/share/texmf-texlive/tex/latex/ltxmisc/url.sty
\Urlmuskip=\muskip11
Package: url 2006/04/12  ver 3.3  Verb mode for urls, etc.
)
(/usr/share/texmf-texlive/tex/latex/listings/listings.sty
\lst@mode=\count110
\lst@gtempboxa=\box33
\lst@token=\toks26
\lst@length=\count111
\lst@currlwidth=\dimen133
\lst@column=\count112
\lst@pos=\count113
\lst@lostspace=\dimen134
\lst@width=\dimen135
\lst@newlines=\count114
\lst@lineno=\count115
\lst@maxwidth=\dimen136

(/usr/share/texmf-texlive/tex/latex/listings/lstmisc.sty
File: lstmisc.sty 2007/02/22 1.4 (Carsten Heinz)
\c@lstnumber=\count116
\lst@skipnumbers=\count117
\lst@framebox=\box34
)
(/usr/share/texmf-texlive/tex/latex/listings/listings.cfg
File: listings.cfg 2007/02/22 1.4 listings configuration
))
Package: listings 2007/02/22 1.4 (Carsten Heinz)

(/usr/share/texmf-texlive/tex/latex/multirow/multirow.sty
\bigstrutjot=\dimen137
)
(/usr/share/texmf-texlive/tex/latex/tools/hhline.sty
Package: hhline 1994/05/23 v2.03 Table rule package (DPC)
)
(/usr/share/texmf-texlive/tex/latex/placeins/placeins.sty
Package: placeins 2005/04/18  v 2.2
) (./algorithm2e.sty

LaTeX Warning: You have requested package `./algorithm2e',
               but the package provides `algorithm2e'.

Package: algorithm2e 2008/00/00 v3.10 algorithms environments
\c@AlgoLine=\count118
(/usr/share/texmf-texlive/tex/latex/ltxmisc/relsize.sty
Package: relsize 2003/07/04 ver 3.1
)
********************************************************
Package `algorithm2e' Release 4.01 -- december 14 2009 --
- algorithm2e-announce@lirmm.fr mailing list for announcement about releases
- algorithm2e-discussion@lirmm.fr mailing list for discussion about package
subscribe by emailing sympa@lirmm.fr with 'subscribe <list> <firstname name>'
- Author: Christophe Fiorio (fiorio@lirmm.fr)
********************************************************
\skiptotal=\skip56
\skiplinenumber=\skip57
\skiprule=\skip58
\skiphlne=\skip59
\skiptext=\skip60
\skiplength=\skip61
\algomargin=\skip62
\skipalgocfslide=\skip63
\algowidth=\dimen138
\inoutsize=\dimen139
\inoutline=\dimen140
\interspacetitleruled=\dimen141
\interspacealgoruled=\dimen142
\interspacetitleboxruled=\dimen143
\algocf@inoutbox=\box35
\algocf@inputbox=\box36
\AlCapSkip=\skip64
\AlCapHSkip=\skip65
\algocf@nlbox=\box37
\algocf@hangingbox=\box38
\algocf@capbox=\box39
\algoheightruledefault=\skip66
\algoheightrule=\skip67
\algotitleheightruledefault=\skip68
\algotitleheightrule=\skip69
\c@algocfline=\count119
\c@algocfproc=\count120
\c@algocf=\count121
\algocf@algoframe=\box40
\algocf@algobox=\box41
) (/usr/share/texmf-texlive/tex/latex/psnfss/times.sty
Package: times 2005/04/12 PSNFSS-v9.2a (SPQR) 
)
\c@Theorem=\count122
\c@Definition=\count123
\c@Example=\count124
\c@Proposition=\count125
\c@Lemma=\count126
\c@Corollary=\count127
\c@section=\count128
\c@subsection=\count129
\c@paragraph=\count130
\c@subsubsection=\count131
 (./thesis.aux
(./prev.aux) (./gfprelim.aux) (./algprelim.aux) (./abstraction.aux)
(./improve.aux) (./comp.aux) (./implement.aux) (./conclude.aux) (./appendix.aux
))
\openout1 = `thesis.aux'.

LaTeX Font Info:    Checking defaults for OML/cmm/m/it on input line 135.
LaTeX Font Info:    ... okay on input line 135.
LaTeX Font Info:    Checking defaults for T1/cmr/m/n on input line 135.
LaTeX Font Info:    ... okay on input line 135.
LaTeX Font Info:    Checking defaults for OT1/cmr/m/n on input line 135.
LaTeX Font Info:    ... okay on input line 135.
LaTeX Font Info:    Checking defaults for OMS/cmsy/m/n on input line 135.
LaTeX Font Info:    ... okay on input line 135.
LaTeX Font Info:    Checking defaults for OMX/cmex/m/n on input line 135.
LaTeX Font Info:    ... okay on input line 135.
LaTeX Font Info:    Checking defaults for U/cmr/m/n on input line 135.
LaTeX Font Info:    ... okay on input line 135.
LaTeX Font Info:    Try loading font information for OT1+ptm on input line 135.

 (/usr/share/texmf-texlive/tex/latex/psnfss/ot1ptm.fd
File: ot1ptm.fd 2001/06/04 font definitions for OT1/ptm.
)
(/usr/share/texmf-texlive/tex/context/base/supp-pdf.mkii
[Loading MPS to PDF converter (version 2006.09.02).]
\scratchcounter=\count132
\scratchdimen=\dimen144
\scratchbox=\box42
\nofMPsegments=\count133
\nofMParguments=\count134
\everyMPshowfont=\toks27
\MPscratchCnt=\count135
\MPscratchDim=\dimen145
\MPnumerator=\count136
\everyMPtoPDFconversion=\toks28
)
Package caption Info: Begin \AtBeginDocument code.
Package caption3 Info: subfig package 1.2 or 1.3 is loaded.
LaTeX Info: Redefining \subref on input line 135.
Package caption Info: listings package is loaded.
Package caption Info: rotating package is loaded.
Package caption Info: End \AtBeginDocument code.
\c@lstlisting=\count137
LaTeX Font Info:    Font shape `OT1/ptm/bx/n' in size <14.4> not available
(Font)              Font shape `OT1/ptm/b/n' tried instead on input line 142.
LaTeX Font Info:    Try loading font information for U+msa on input line 142.
 (/usr/share/texmf-texlive/tex/latex/amsfonts/umsa.fd
File: umsa.fd 2009/06/22 v3.00 AMS symbols A
)
LaTeX Font Info:    Try loading font information for U+msb on input line 142.

(/usr/share/texmf-texlive/tex/latex/amsfonts/umsb.fd
File: umsb.fd 2009/06/22 v3.00 AMS symbols B
)
Title.
[-1

{/var/lib/texmf/fonts/map/pdftex/updmap/pdftex.map}]
LaTeX Font Info:    Try loading font information for OMS+ptm on input line 143.


(/usr/share/texmf-texlive/tex/latex/psnfss/omsptm.fd
File: omsptm.fd 
)
LaTeX Font Info:    Font shape `OMS/ptm/m/n' in size <12> not available
(Font)              Font shape `OMS/cmsy/m/n' tried instead on input line 143.

Copyright.
[-1]
LaTeX Font Info:    Font shape `OT1/ptm/bx/n' in size <17.28> not available
(Font)              Font shape `OT1/ptm/b/n' tried instead on input line 144.

Committee Approval.
[0]
Reading Approval.
[1] (./thesis.toc
LaTeX Font Info:    Font shape `OT1/ptm/bx/n' in size <12> not available
(Font)              Font shape `OT1/ptm/b/n' tried instead on input line 1.

Overfull \hbox (26.20471pt too wide) in paragraph at lines 22--22
 [][] []\OT1/ptm/b/n/12 GALOIS FIELDS PRE-LIM-I-NAR-IES AND AP-PLI-CA-TION IN H
ARD-WARE 
 []

[2]
Overfull \hbox (7.25731pt too wide) in paragraph at lines 47--47
 [][] []\OT1/ptm/b/n/12 OVERCOMING GROB-NER BA-SIS COM-PLEX-ITY FOR AB-STRAC-TI
ON []  
 []


Overfull \hbox (24.14151pt too wide) in paragraph at lines 56--56
 [][] []\OT1/ptm/b/n/12 GENERALIZING THE AP-PROACH TO AR-BI-TRARY COM-BI-NA-TIO
NAL 
 []


Overfull \hbox (4.71368pt too wide) in paragraph at lines 63--63
 [][] []\OT1/ptm/b/n/12 IMPLEMENTATION OF THE CUS-TOM AB-STRAC-TION SOFT-WARE 
 []

[3])
\tf@toc=\write3
\openout3 = `thesis.toc'.


Contents.
[4]
List of Figures.
(./thesis.lof)
\tf@lof=\write4
\openout4 = `thesis.lof'.

 [5]
List of Tables.
(./thesis.lot
Overfull \hbox (6.16298pt too wide) in paragraph at lines 1--1
 [] []\OT1/ptm/m/n/12 Bit-vector, Ex-po-nen-tial and Poly-no-mial rep-re-sen-ta
-tion of el-e-ments in $\U/msb/m/n/12 F[] \OT1/cmr/m/n/12 = 
 []


Overfull \hbox (2.24559pt too wide) in paragraph at lines 9--9
 [] []\OT1/ptm/m/n/12 Bug-catching be-tween a golden-model Mas-tro-vito and bug
gy Mont-gomery 
 []

)
\tf@lot=\write5
\openout5 = `thesis.lot'.

 [6] (./abstract.tex
Missing character: There is no â in font ptmr7t!
Missing character: There is no € in font ptmr7t!
Missing character: There is no ™ in font ptmr7t!
) (./intro.tex [1]
CHAPTER 1.
[2

]
Package epstopdf Info: Source file: <./figures/designFlow.eps>
(epstopdf)                    date: 2015-05-03 09:13:14
(epstopdf)                    size: 43357 bytes
(epstopdf)             Output file: <./figures/designFlow-eps-converted-to.pdf>

(epstopdf)                    date: 2015-05-03 09:13:50
(epstopdf)                    size: 17866 bytes
(epstopdf)             Command: <epstopdf --outfile=./figures/designFlow-eps-co
nverted-to.pdf ./figures/designFlow.eps>
(epstopdf)             \includegraphics on input line 72.
Package epstopdf Info: Output file is already uptodate.

<./figures/designFlow-eps-converted-to.pdf, id=47, 299.1175pt x 534.99875pt>
File: ./figures/designFlow-eps-converted-to.pdf Graphic file (type pdf)

<use ./figures/designFlow-eps-converted-to.pdf>

LaTeX Warning: `h' float specifier changed to `ht'.

[3] [4 <./figures/designFlow-eps-converted-to.pdf>]
Package epstopdf Info: Source file: <./figures/designVerification.eps>
(epstopdf)                    date: 2015-05-03 09:28:32
(epstopdf)                    size: 37049 bytes
(epstopdf)             Output file: <./figures/designVerification-eps-converted
-to.pdf>
(epstopdf)                    date: 2015-05-03 09:29:04
(epstopdf)                    size: 15750 bytes
(epstopdf)             Command: <epstopdf --outfile=./figures/designVerificatio
n-eps-converted-to.pdf ./figures/designVerification.eps>
(epstopdf)             \includegraphics on input line 154.
Package epstopdf Info: Output file is already uptodate.

<./figures/designVerification-eps-converted-to.pdf, id=65, 303.1325pt x 418.563
75pt>
File: ./figures/designVerification-eps-converted-to.pdf Graphic file (type pdf)

 <use ./figures/designVerification-eps-converted-to.pdf>

LaTeX Warning: `h' float specifier changed to `ht'.

[5] [6 <./figures/designVerification-eps-converted-to.pdf>]
Package epstopdf Info: Source file: <./figures/betterMiter.eps>
(epstopdf)                    date: 2015-05-03 09:57:02
(epstopdf)                    size: 17349 bytes
(epstopdf)             Output file: <./figures/betterMiter-eps-converted-to.pdf
>
(epstopdf)                    date: 2015-05-03 09:57:58
(epstopdf)                    size: 8295 bytes
(epstopdf)             Command: <epstopdf --outfile=./figures/betterMiter-eps-c
onverted-to.pdf ./figures/betterMiter.eps>
(epstopdf)             \includegraphics on input line 189.
Package epstopdf Info: Output file is already uptodate.

<./figures/betterMiter-eps-converted-to.pdf, id=82, 496.85625pt x 143.53625pt>
File: ./figures/betterMiter-eps-converted-to.pdf Graphic file (type pdf)

<use ./figures/betterMiter-eps-converted-to.pdf> [7 <./figures/betterMiter-eps-
converted-to.pdf>] [8]
Title Error: (42.8507pt too wide)
Page 9, Title="Dissertation Objective, Motivation, and Contributions"

[9]
Package epstopdf Info: Source file: <./figures/interpolate.eps>
(epstopdf)                    date: 2015-05-05 02:58:23
(epstopdf)                    size: 36036 bytes
(epstopdf)             Output file: <./figures/interpolate-eps-converted-to.pdf
>
(epstopdf)                    date: 2015-05-05 04:08:04
(epstopdf)                    size: 13926 bytes
(epstopdf)             Command: <epstopdf --outfile=./figures/interpolate-eps-c
onverted-to.pdf ./figures/interpolate.eps>
(epstopdf)             \includegraphics on input line 339.
Package epstopdf Info: Output file is already uptodate.

<./figures/interpolate-eps-converted-to.pdf, id=98, 576.1525pt x 203.76125pt>
File: ./figures/interpolate-eps-converted-to.pdf Graphic file (type pdf)

<use ./figures/interpolate-eps-converted-to.pdf> [10 <./figures/interpolate-eps
-converted-to.pdf>]) [11] [12]
\openout2 = `prev.aux'.

 (./prev.tex
CHAPTER 2.
[13


]
Overfull \hbox (10.60524pt too wide) in paragraph at lines 53--66
[]\OT1/ptm/m/n/12 Binary Mo-ment Di-a-grams (BMDs) [35], and its deriva-tives K
*BMDs [36] and *PHDDs
 []

[14]
Title Error: (67.7768pt too wide)
Page 15, Title="Word-Level Techniques in RTL Synthesis and Verification"

[15] [16]
Title Error: (101.5727pt too wide)
Page 17, Title="Verification of Integer Arithmetic Circuits using Gr\"obner Bas
es"

[17]
Title Error: (26.52155pt too wide)
Page 18, Title="Polynomial Interpolation in Symbolic Computation"


Package amsmath Warning: Foreign command \over;
(amsmath)                \frac or \genfrac should be used instead
(amsmath)                 on input line 287.

Package epstopdf Info: Source file: <figures/blackbox.eps>
(epstopdf)                    date: 2015-03-23 14:11:07
(epstopdf)                    size: 31324 bytes
(epstopdf)             Output file: <figures/blackbox-eps-converted-to.pdf>
(epstopdf)                    date: 2015-03-23 14:11:07
(epstopdf)                    size: 11968 bytes
(epstopdf)             Command: <epstopdf --outfile=figures/blackbox-eps-conver
ted-to.pdf figures/blackbox.eps>
(epstopdf)             \includegraphics on input line 297.
Package epstopdf Info: Output file is already uptodate.
<figures/blackbox-eps-converted-to.pdf, id=130, 544.0325pt x 111.41624pt>
File: figures/blackbox-eps-converted-to.pdf Graphic file (type pdf)

<use figures/blackbox-eps-converted-to.pdf> [18 <./figures/blackbox-eps-convert
ed-to.pdf>]) [19]
\openout2 = `gfprelim.aux'.

 (./gfprelim.tex
CHAPTER 3.
[20



] [21] <figures/4bitMultTop.png, id=145, 159.59625pt x 73.77562pt>
File: figures/4bitMultTop.png Graphic file (type png)

<use figures/4bitMultTop.png> [22 <./figures/4bitMultTop.png>] [23] [24]

LaTeX Warning: `h' float specifier changed to `ht'.

[25]
LaTeX Font Info:    Font shape `OMS/ptm/m/it' in size <12> not available
(Font)              Font shape `OMS/cmsy/m/n' tried instead on input line 363.
 [26] [27]
Package epstopdf Info: Source file: <./figures/field-cont.eps>
(epstopdf)                    date: 2015-05-05 02:58:31
(epstopdf)                    size: 90600 bytes
(epstopdf)             Output file: <./figures/field-cont-eps-converted-to.pdf>

(epstopdf)                    date: 2015-05-05 03:24:41
(epstopdf)                    size: 75943 bytes
(epstopdf)             Command: <epstopdf --outfile=./figures/field-cont-eps-co
nverted-to.pdf ./figures/field-cont.eps>
(epstopdf)             \includegraphics on input line 428.
Package epstopdf Info: Output file is already uptodate.

<./figures/field-cont-eps-converted-to.pdf, id=168, 357.335pt x 268.00125pt>
File: ./figures/field-cont-eps-converted-to.pdf Graphic file (type pdf)

<use ./figures/field-cont-eps-converted-to.pdf> [28 <./figures/field-cont-eps-c
onverted-to.pdf>] [29] [30]
Title Error: (157.862pt too wide)
Page 31, Title="Hardware Implementations of Arithmetic Operations Over Galois F
ields"

Package epstopdf Info: Source file: <figures/adder4bit.eps>
(epstopdf)                    date: 2015-03-23 14:11:07
(epstopdf)                    size: 14414 bytes
(epstopdf)             Output file: <figures/adder4bit-eps-converted-to.pdf>
(epstopdf)                    date: 2015-03-23 14:11:07
(epstopdf)                    size: 7107 bytes
(epstopdf)             Command: <epstopdf --outfile=figures/adder4bit-eps-conve
rted-to.pdf figures/adder4bit.eps>
(epstopdf)             \includegraphics on input line 635.
Package epstopdf Info: Output file is already uptodate.
<figures/adder4bit-eps-converted-to.pdf, id=186, 98.3675pt x 156.585pt>
File: figures/adder4bit-eps-converted-to.pdf Graphic file (type pdf)

<use figures/adder4bit-eps-converted-to.pdf> [31] [32 <./figures/adder4bit-eps-
converted-to.pdf>]
Package epstopdf Info: Source file: <figures/mul4bit.eps>
(epstopdf)                    date: 2015-03-23 14:11:06
(epstopdf)                    size: 66285 bytes
(epstopdf)             Output file: <figures/mul4bit-eps-converted-to.pdf>
(epstopdf)                    date: 2015-03-23 14:11:07
(epstopdf)                    size: 42541 bytes
(epstopdf)             Command: <epstopdf --outfile=figures/mul4bit-eps-convert
ed-to.pdf figures/mul4bit.eps>
(epstopdf)             \includegraphics on input line 719.
Package epstopdf Info: Output file is already uptodate.

<figures/mul4bit-eps-converted-to.pdf, id=199, 475.7775pt x 632.3625pt>
File: figures/mul4bit-eps-converted-to.pdf Graphic file (type pdf)

<use figures/mul4bit-eps-converted-to.pdf> [33] [34 <./figures/mul4bit-eps-conv
erted-to.pdf>]
Package epstopdf Info: Source file: <figures/mmcircuit.eps>
(epstopdf)                    date: 2015-03-23 14:11:07
(epstopdf)                    size: 19909 bytes
(epstopdf)             Output file: <figures/mmcircuit-eps-converted-to.pdf>
(epstopdf)                    date: 2015-03-23 14:16:32
(epstopdf)                    size: 9418 bytes
(epstopdf)             Command: <epstopdf --outfile=figures/mmcircuit-eps-conve
rted-to.pdf figures/mmcircuit.eps>
(epstopdf)             \includegraphics on input line 748.
Package epstopdf Info: Output file is already uptodate.

<figures/mmcircuit-eps-converted-to.pdf, id=210, 614.295pt x 164.615pt>
File: figures/mmcircuit-eps-converted-to.pdf Graphic file (type pdf)

<use figures/mmcircuit-eps-converted-to.pdf>
LaTeX Font Info:    Try loading font information for OT1+pcr on input line 770.


(/usr/share/texmf-texlive/tex/latex/psnfss/ot1pcr.fd
File: ot1pcr.fd 2001/06/04 font definitions for OT1/pcr.
) [35 <./figures/mmcircuit-eps-converted-to.pdf>]
Package epstopdf Info: Source file: <./figures/compMineSmall.eps>
(epstopdf)                    date: 2015-04-30 16:56:27
(epstopdf)                    size: 112745 bytes
(epstopdf)             Output file: <./figures/compMineSmall-eps-converted-to.p
df>
(epstopdf)                    date: 2015-04-30 17:00:32
(epstopdf)                    size: 37427 bytes
(epstopdf)             Command: <epstopdf --outfile=./figures/compMineSmall-eps
-converted-to.pdf ./figures/compMineSmall.eps>
(epstopdf)             \includegraphics on input line 803.
Package epstopdf Info: Output file is already uptodate.

<./figures/compMineSmall-eps-converted-to.pdf, id=222, 444.66125pt x 271.0125pt
>
File: ./figures/compMineSmall-eps-converted-to.pdf Graphic file (type pdf)
 <use ./figures/compMineSmall-eps-converted-to.pdf> [36 <./figures/compMineSmal
l-eps-converted-to.pdf>]
Package epstopdf Info: Source file: <figures/ecc.eps>
(epstopdf)                    date: 2015-03-23 14:11:07
(epstopdf)                    size: 9052 bytes
(epstopdf)             Output file: <figures/ecc-eps-converted-to.pdf>
(epstopdf)                    date: 2015-03-23 14:16:33
(epstopdf)                    size: 5816 bytes
(epstopdf)             Command: <epstopdf --outfile=figures/ecc-eps-converted-t
o.pdf figures/ecc.eps>
(epstopdf)             \includegraphics on input line 1078.
Package epstopdf Info: Output file is already uptodate.

<figures/ecc-eps-converted-to.pdf, id=232, 472.76625pt x 504.88625pt>
File: figures/ecc-eps-converted-to.pdf Graphic file (type pdf)

<use figures/ecc-eps-converted-to.pdf>

LaTeX Warning: `h' float specifier changed to `ht'.

[37] [38 <./figures/ecc-eps-converted-to.pdf>]) [39]
\openout2 = `algprelim.aux'.

 (./algprelim.tex
CHAPTER 4.
[40



] [41] [42] [43]
Overfull \hbox (16.0761pt too wide) in paragraph at lines 244--248
[]\OT1/ptm/m/it/12 Let $\U/msb/m/n/12 K$ \OT1/ptm/m/it/12 be a field, and let $
\OML/cmm/m/it/12 f[]; [] ; f[] \OMS/cmsy/m/n/12 2 \U/msb/m/n/12 K\OT1/cmr/m/n/1
2 [\OML/cmm/m/it/12 x[]; x[]; [] ; x[]\OT1/cmr/m/n/12 ]$\OT1/ptm/m/it/12 . We c
all $\OML/cmm/m/it/12 V\OT1/cmr/m/n/12 (\OML/cmm/m/it/12 f[]; [] ; f[]\OT1/cmr/
m/n/12 )$
 []

[44] [45] [46] [47] [48]
Overfull \hbox (1.46455pt too wide) in paragraph at lines 493--500
\OMS/cmsy/m/n/12 h\OML/cmm/m/it/12 f[]; [] ; f[]\OMS/cmsy/m/n/12 i$\OT1/ptm/m/n
/12 , Buch-berger gives an al-go-rithm to com-pute a Gr[]obner ba-sis $\OML/cmm
/m/it/12 G \OT1/cmr/m/n/12 = \OMS/cmsy/m/n/12 h\OML/cmm/m/it/12 g[]; [] ; g[]\O
MS/cmsy/m/n/12 i$\OT1/ptm/m/n/12 .
 []

[49] [50]
Overfull \hbox (12.53075pt too wide) in paragraph at lines 618--626
\OT1/ptm/m/n/12 bines them into ``$\OML/cmm/m/it/12 S$\OT1/ptm/m/n/12 -polynomi
als'' ($\OML/cmm/m/it/12 Spoly\OT1/cmr/m/n/12 (\OML/cmm/m/it/12 f[]; f[]\OT1/cm
r/m/n/12 )$\OT1/ptm/m/n/12 ) to can-cel lead-ing terms. The $\OML/cmm/m/it/12 S
$\OT1/ptm/m/n/12 -polynomial
 []


Overfull \hbox (20.69728pt too wide) in paragraph at lines 618--626
\OT1/ptm/m/n/12 is then re-duced (di-vided) by all el-e-ments of $\OML/cmm/m/it
/12 G$ \OT1/ptm/m/n/12 to a re-main-der $\OML/cmm/m/it/12 r$\OT1/ptm/m/n/12 , d
e-noted as $\OML/cmm/m/it/12 Spoly\OT1/cmr/m/n/12 (\OML/cmm/m/it/12 f[]; f[]\OT
1/cmr/m/n/12 ) [][]
 []


Overfull \hbox (27.37152pt too wide) in paragraph at lines 641--646
\OT1/ptm/m/n/12 no com-mon vari-ables, the S-poly re-duc-tion step in Buch-berg
er's al-go-rithm, $\OML/cmm/m/it/12 Spoly\OT1/cmr/m/n/12 (\OML/cmm/m/it/12 f[];
 f[]\OT1/cmr/m/n/12 ) [][]
 []

[51] [52] [53] [54] [55]
Overfull \hbox (18.72809pt too wide) in paragraph at lines 911--916
[]\OT1/ptm/m/it/12 (Strong Null-stel-len-satz over $\U/msb/m/n/12 F[]$\OT1/ptm/
m/it/12 ) For any Ga-lois field $\U/msb/m/n/12 F[]$\OT1/ptm/m/it/12 , let $\OML
/cmm/m/it/12 J \OMS/cmsy/m/n/12 ^^Z \U/msb/m/n/12 F[]\OT1/cmr/m/n/12 [\OML/cmm/
m/it/12 x[]; [] ; x[]\OT1/cmr/m/n/12 ]$
 []

[56]) [57]
\openout2 = `abstraction.aux'.

 (./abstraction.tex
CHAPTER 5.
Package epstopdf Info: Source file: <./figures/interpolate.eps>
(epstopdf)                    date: 2015-05-05 02:58:23
(epstopdf)                    size: 36036 bytes
(epstopdf)             Output file: <./figures/interpolate-eps-converted-to.pdf
>
(epstopdf)                    date: 2015-05-05 04:08:04
(epstopdf)                    size: 13926 bytes
(epstopdf)             Command: <epstopdf --outfile=./figures/interpolate-eps-c
onverted-to.pdf ./figures/interpolate.eps>
(epstopdf)             \includegraphics on input line 24.
Package epstopdf Info: Output file is already uptodate.
File: ./figures/interpolate-eps-converted-to.pdf Graphic file (type pdf)
<use ./figures/interpolate-eps-converted-to.pdf> [58



]
Overfull \hbox (14.88501pt too wide) in paragraph at lines 83--87
\OT1/ptm/m/it/12 are $\OMS/cmsy/m/n/12 f\OML/cmm/m/it/12 a[]; [] ; a[];  []b[];
 [] ; b[]\OMS/cmsy/m/n/12 g$\OT1/ptm/m/it/12 , and the bit-level pri-mary out-p
uts are $\OMS/cmsy/m/n/12 f\OML/cmm/m/it/12 z[]; [] ; z[]\OMS/cmsy/m/n/12 g$\OT
1/ptm/m/it/12 ;
 []

[59]
Overfull \hbox (10.77641pt too wide) in paragraph at lines 134--137
[]\OT1/ptm/m/it/12 Notice that the left-hand side ex-pres-sion is a poly-no-mia
l in $\U/msb/m/n/12 F[] [] \OMS/cmsy/m/n/12 ^^Z \U/msb/m/n/12 F[] []$ 
 []

[60]
Package epstopdf Info: Source file: <./figures/2bitmasmult.eps>
(epstopdf)                    date: 2015-05-03 18:02:17
(epstopdf)                    size: 29689 bytes
(epstopdf)             Output file: <./figures/2bitmasmult-eps-converted-to.pdf
>
(epstopdf)                    date: 2015-05-03 18:02:37
(epstopdf)                    size: 12131 bytes
(epstopdf)             Command: <epstopdf --outfile=./figures/2bitmasmult-eps-c
onverted-to.pdf ./figures/2bitmasmult.eps>
(epstopdf)             \includegraphics on input line 198.
Package epstopdf Info: Output file is already uptodate.

<./figures/2bitmasmult-eps-converted-to.pdf, id=316, 530.98375pt x 306.14375pt>
File: ./figures/2bitmasmult-eps-converted-to.pdf Graphic file (type pdf)
<use ./figures/2bitmasmult-eps-converted-to.pdf> [61] [62 <./figures/2bitmasmul
t-eps-converted-to.pdf>] [63] [64] [65]
Overfull \hbox (9.14923pt too wide) in paragraph at lines 403--415
[]\OT1/ptm/m/n/12 (iii) As $\OML/cmm/m/it/12 Z \OT1/cmr/m/n/12 = \OMS/cmsy/m/n/
12 F\OT1/cmr/m/n/12 (\OML/cmm/m/it/12 A[]; [] ; A[]\OT1/cmr/m/n/12 )$ \OT1/ptm/
m/n/12 rep-re-sents the func-tion of the cir-cuit, $\OML/cmm/m/it/12 Z \OT1/cmr
/m/n/12 + \OMS/cmsy/m/n/12 F\OT1/cmr/m/n/12 (\OML/cmm/m/it/12 A[]; [] ; A[]\OT1
/cmr/m/n/12 ) \OMS/cmsy/m/n/12 2
 []

[66]
Overfull \hbox (57.13153pt too wide) in paragraph at lines 492--495
[]\OT1/ptm/m/n/12 Model the the cir-cuit as a sys-tem of poly-no-mi-als $\OMS/c
msy/m/n/12 f\OML/cmm/m/it/12 f[]; [] ; f[]\OMS/cmsy/m/n/12 g ^^Z \U/msb/m/n/12 
F[]\OT1/cmr/m/n/12 [\OML/cmm/m/it/12 x[]; [] ; x[]; Z; A[]; [] ; A[]\OT1/cmr/m/
n/12 ]$
 []

Title Error: (19.03346pt too wide)
Page 67, Title="Experimental Results: Validation of the Approach"

[67]) [68] [69]
\openout2 = `improve.aux'.

 (./improve.tex
CHAPTER 6.
[70



] [71] [72]
Overfull \hbox (17.24712pt too wide) in paragraph at lines 224--235
\OMS/cmsy/m/n/12 f\OML/cmm/m/it/12 x[]; [] ; x[]\OMS/cmsy/m/n/12 g$ \OT1/ptm/m/
n/12 are bit-level vari-ables. Ap-ply a re-verse topo-log-i-cal lex or-der-ing 
to $\OMS/cmsy/m/n/12 f\OML/cmm/m/it/12 x[]; [] ; x[]\OMS/cmsy/m/n/12 g$\OT1/ptm
/m/n/12 .
 []

[73]
Overfull \hbox (17.04857pt too wide) in paragraph at lines 308--311
[]\OT1/ptm/m/n/12 Thus, the first com-pu-ta-tion of the Gr[]obner ba-sis is gua
r-an-teed to be $\OML/cmm/m/it/12 Spoly\OT1/cmr/m/n/12 (\OML/cmm/m/it/12 f[]; f
[]\OT1/cmr/m/n/12 ) [][]
 []

[74] [75] [76]
Package epstopdf Info: Source file: <./figures/2bitmasmultBUGswap.eps>
(epstopdf)                    date: 2015-05-03 20:44:39
(epstopdf)                    size: 29690 bytes
(epstopdf)             Output file: <./figures/2bitmasmultBUGswap-eps-converted
-to.pdf>
(epstopdf)                    date: 2015-05-03 20:45:29
(epstopdf)                    size: 12136 bytes
(epstopdf)             Command: <epstopdf --outfile=./figures/2bitmasmultBUGswa
p-eps-converted-to.pdf ./figures/2bitmasmultBUGswap.eps>
(epstopdf)             \includegraphics on input line 510.
Package epstopdf Info: Output file is already uptodate.

<./figures/2bitmasmultBUGswap-eps-converted-to.pdf, id=380, 530.98375pt x 306.1
4375pt>
File: ./figures/2bitmasmultBUGswap-eps-converted-to.pdf Graphic file (type pdf)

 <use ./figures/2bitmasmultBUGswap-eps-converted-to.pdf> [77 <./figures/2bitmas
multBUGswap-eps-converted-to.pdf>]
Title Error: (60.65518pt too wide)
Page 78, Title="Improving Polynomial Division using $F4$-style Reduction"

[78]
Overfull \hbox (34.61447pt too wide) in paragraph at lines 593--609
\OT1/ptm/m/it/12 elim-i-na-tion on a ma-trix. Mono-mi-als of $\OML/cmm/m/it/12 
f[]; yf[]; f[]$ \OT1/ptm/m/it/12 are, re-spec-tively, $\OMS/cmsy/m/n/12 f\OML/c
mm/m/it/12 x[]y; y[]\OMS/cmsy/m/n/12 g\OML/cmm/m/it/12 ; \OMS/cmsy/m/n/12 f\OML
/cmm/m/it/12 x[]y; y[]\OMS/cmsy/m/n/12 g\OML/cmm/m/it/12 ; \OMS/cmsy/m/n/12 f\O
ML/cmm/m/it/12 y[]; \OT1/cmr/m/n/12 1\OMS/cmsy/m/n/12 g$\OT1/ptm/m/it/12 .
 []

[79] [80] [81]
Overfull \hbox (21.76587pt too wide) in paragraph at lines 766--769
\OML/cmm/m/it/12 f[] \OT1/cmr/m/n/12 = \OML/cmm/m/it/12 L \OMS/cmsy/m/n/12 [ \O
ML/cmm/m/it/12 b[] \OMS/cmsy/m/n/12 ^^A \OML/cmm/m/it/12 f[] \OT1/cmr/m/n/12 = 
\OMS/cmsy/m/n/12 f\OML/cmm/m/it/12 f[]; f[]; f[]; b[]f[]\OMS/cmsy/m/n/12 g$ \OT
1/ptm/m/it/12 and $\OML/cmm/m/it/12 M[] \OT1/cmr/m/n/12 = \OMS/cmsy/m/n/12 f\OM
L/cmm/m/it/12 z[]; z[]; r[]; a[]b[]; a[]b[]; a[]b[]; a[]b[]; b[]A; Z\OMS/cmsy/m
/n/12 g$\OT1/ptm/m/it/12 . 
 []


Overfull \hbox (47.50359pt too wide) in paragraph at lines 828--830
 [][][] 
 []

[82] [83]
Overfull \hbox (11.75214pt too wide) in paragraph at lines 860--870
\OT1/ptm/m/n/12 Due to RATO, $\OMS/cmsy/m/n/12 f\OML/cmm/m/it/12 a[]; [] ; a[]\
OMS/cmsy/m/n/12 g \OML/cmm/m/it/12 > A$\OT1/ptm/m/n/12 , thus the lead-ing term
s of $\OML/cmm/m/it/12 f[]; [] ; f[]$ \OT1/ptm/m/n/12 are $\OML/cmm/m/it/12 a[]
; [] ; a[]$
 []


Overfull \hbox (1.16524pt too wide) in paragraph at lines 910--931
\OT1/ptm/m/n/12 equa-tions can be rep-re-sented in ma-trix form, $[]$, where $\
OT1/cmr/bx/n/12 A \OT1/cmr/m/n/12 = \OMS/cmsy/m/n/12 f\OML/cmm/m/it/12 A; A[]; 
[] ; A[]\OMS/cmsy/m/n/12 g[]$\OT1/ptm/m/n/12 ,
 []

[84]
Overfull \hbox (3.47328pt too wide) in paragraph at lines 1007--1011
\OT1/ptm/m/it/12 where el-e-ments of each row are pre-sented in a ge-o-met-ric 
pro-gres-sion. Then $\OML/cmm/m/it/12 V\OT1/cmr/m/n/12 (\OML/cmm/m/it/12 x[]; [
] ; x[]\OT1/cmr/m/n/12 )$
 []


Overfull \hbox (37.92708pt too wide) in paragraph at lines 1019--1021
[]\OT1/ptm/m/n/12 Notice that $\OT1/cmr/bx/n/12 M$ \OT1/ptm/m/n/12 in Eqn.(6.12
[]) is a square Van-der-monde ma-trix of the form $\OML/cmm/m/it/12 V\OT1/cmr/m
/n/12 (\OML/cmm/m/it/12 ; []; [] ; []\OT1/cmr/m/n/12 )$\OT1/ptm/m/n/12 . 
 []

[85] [86] [87] [88] [89] [90] [91] [92]
Overfull \hbox (0.35371pt too wide) in paragraph at lines 1418--1434
\OT1/ptm/b/n/12 Proof. \OT1/ptm/m/n/12 Any in-ter-me-di-ate poly-no-mial will o
nly con-tain the vari-ables $\OMS/cmsy/m/n/12 f\OML/cmm/m/it/12 a[]; [] ; a[]; 
Z; A\OMS/cmsy/m/n/12 g$\OT1/ptm/m/n/12 .
 []

[93] [94]) [95]
\openout2 = `comp.aux'.

 (./comp.tex
CHAPTER 7.
[96



]
Package epstopdf Info: Source file: <./figures/3to2.eps>
(epstopdf)                    date: 2015-04-21 18:04:51
(epstopdf)                    size: 23113 bytes
(epstopdf)             Output file: <./figures/3to2-eps-converted-to.pdf>
(epstopdf)                    date: 2015-04-21 18:05:11
(epstopdf)                    size: 7360 bytes
(epstopdf)             Command: <epstopdf --outfile=./figures/3to2-eps-converte
d-to.pdf ./figures/3to2.eps>
(epstopdf)             \includegraphics on input line 113.
Package epstopdf Info: Output file is already uptodate.
 <./figures/3to2-eps-converted-to.pdf, id=454, 548.0475pt x 307.1475pt>
File: ./figures/3to2-eps-converted-to.pdf Graphic file (type pdf)

<use ./figures/3to2-eps-converted-to.pdf> [97] [98 <./figures/3to2-eps-converte
d-to.pdf>] [99] [100] [101]
Package epstopdf Info: Source file: <./figures/compMineSmall.eps>
(epstopdf)                    date: 2015-04-30 16:56:27
(epstopdf)                    size: 112745 bytes
(epstopdf)             Output file: <./figures/compMineSmall-eps-converted-to.p
df>
(epstopdf)                    date: 2015-04-30 17:00:32
(epstopdf)                    size: 37427 bytes
(epstopdf)             Command: <epstopdf --outfile=./figures/compMineSmall-eps
-converted-to.pdf ./figures/compMineSmall.eps>
(epstopdf)             \includegraphics on input line 300.
Package epstopdf Info: Output file is already uptodate.
File: ./figures/compMineSmall-eps-converted-to.pdf Graphic file (type pdf)
 <use ./figures/compMineSmall-eps-converted-to.pdf>
[102]
Overfull \hbox (11.33414pt too wide) in paragraph at lines 361--368
\OT1/ptm/m/n/12 just a bit-wise XOR com-pu-ta-tion. In the case of a mul-ti-pli
er block ($\OMS/cmsy/m/n/12 f\OML/cmm/m/it/12 C[]; C[]; C[]; C[]; C[]; C[]\OMS/
cmsy/m/n/12 g$
 []

[103] [104] [105] [106]) [107]
\openout2 = `implement.aux'.

 (./implement.tex
CHAPTER 8.
[108



]
Package epstopdf Info: Source file: <figures/gfElementStructure.eps>
(epstopdf)                    date: 2015-04-12 16:39:42
(epstopdf)                    size: 19297 bytes
(epstopdf)             Output file: <figures/gfElementStructure-eps-converted-t
o.pdf>
(epstopdf)                    date: 2015-04-12 16:39:50
(epstopdf)                    size: 8842 bytes
(epstopdf)             Command: <epstopdf --outfile=figures/gfElementStructure-
eps-converted-to.pdf figures/gfElementStructure.eps>
(epstopdf)             \includegraphics on input line 63.
Package epstopdf Info: Output file is already uptodate.

<figures/gfElementStructure-eps-converted-to.pdf, id=500, 282.05376pt x 79.2962
5pt>
File: figures/gfElementStructure-eps-converted-to.pdf Graphic file (type pdf)
 <use figures/gfElementStructure-eps-converted-to.pdf>

LaTeX Warning: `h' float specifier changed to `ht'.

[109] [110 <./figures/gfElementStructure-eps-converted-to.pdf>] [111] [112]
[113] [114] [115] [116] [117] [118] [119] [120] [121] [122] [123]

LaTeX Warning: `!h' float specifier changed to `!ht'.

[124] [125] [126]
<./figures/xor-example.png, id=564, 255.20343pt x 73.77562pt>
File: ./figures/xor-example.png Graphic file (type png)

<use ./figures/xor-example.png>
<./figures/or-example.png, id=565, 255.20343pt x 73.77562pt>
File: ./figures/or-example.png Graphic file (type png)

<use ./figures/or-example.png> [127

 <./figures/xor-example.png> <./figures/or-example.png>]) [128]
\openout2 = `conclude.aux'.

 (./conclude.tex
CHAPTER 9.
[129



] [130] [131]) [132]
\openout2 = `appendix.aux'.

 (./appendix.tex
APPENDIX:
Title Error: (88.35379pt too wide)
Page 133, Title="Representations of Base Field Elements over Extension Fields"

[133



] [134] [135]) [136] (./thesis.bbl [137

] [138] [139]
Missing character: There is no Ã in font ptmr7t!
Missing character: There is no ¸ in font ptmr7t!
 [140] [141] [142]
Missing character: There is no â in font ptmri7t!
Missing character: There is no € in font ptmri7t!
Missing character: There is no ” in font ptmri7t!

[143]
Missing character: There is no Ã in font ptmr7t!
Missing character: There is no § in font ptmr7t!
) [144] (./thesis.aux (./prev.aux) (./gfprelim.aux) (./algprelim.aux)
(./abstraction.aux) (./improve.aux) (./comp.aux) (./implement.aux)
(./conclude.aux) (./appendix.aux)) ) 
Here is how much of TeX's memory you used:
 6914 strings out of 495061
 98230 string characters out of 1182622
 210110 words of memory out of 3000000
 9835 multiletter control sequences out of 15000+50000
 41140 words of font info for 99 fonts, out of 3000000 for 9000
 28 hyphenation exceptions out of 8191
 44i,20n,47p,409b,437s stack positions out of 5000i,500n,10000p,200000b,50000s
{/usr/share/texmf-texlive/fonts/enc/dvips/b
ase/8r.enc}</usr/share/texmf-texlive/fonts/type1/public/amsfonts/cm/cmbx12.pfb>
</usr/share/texmf-texlive/fonts/type1/public/amsfonts/cm/cmbx6.pfb></usr/share/
texmf-texlive/fonts/type1/public/amsfonts/cm/cmbx8.pfb></usr/share/texmf-texliv
e/fonts/type1/public/amsfonts/cm/cmex10.pfb></usr/share/texmf-texlive/fonts/typ
e1/public/amsfonts/cm/cmmi10.pfb></usr/share/texmf-texlive/fonts/type1/public/a
msfonts/cm/cmmi12.pfb></usr/share/texmf-texlive/fonts/type1/public/amsfonts/cm/
cmmi6.pfb></usr/share/texmf-texlive/fonts/type1/public/amsfonts/cm/cmmi8.pfb></
usr/share/texmf-texlive/fonts/type1/public/amsfonts/cm/cmr10.pfb></usr/share/te
xmf-texlive/fonts/type1/public/amsfonts/cm/cmr12.pfb></usr/share/texmf-texlive/
fonts/type1/public/amsfonts/cm/cmr6.pfb></usr/share/texmf-texlive/fonts/type1/p
ublic/amsfonts/cm/cmr8.pfb></usr/share/texmf-texlive/fonts/type1/public/amsfont
s/cm/cmsy10.pfb></usr/share/texmf-texlive/fonts/type1/public/amsfonts/cm/cmsy6.
pfb></usr/share/texmf-texlive/fonts/type1/public/amsfonts/cm/cmsy8.pfb></usr/sh
are/texmf-texlive/fonts/type1/public/amsfonts/cm/cmti12.pfb></usr/share/texmf-t
exlive/fonts/type1/public/amsfonts/cm/cmti8.pfb></usr/share/texmf-texlive/fonts
/type1/public/amsfonts/symbols/msbm10.pfb></usr/share/texmf-texlive/fonts/type1
/urw/courier/ucrr8a.pfb></usr/share/texmf-texlive/fonts/type1/urw/times/utmb8a.
pfb></usr/share/texmf-texlive/fonts/type1/urw/times/utmr8a.pfb></usr/share/texm
f-texlive/fonts/type1/urw/times/utmr8a.pfb></usr/share/texmf-texlive/fonts/type
1/urw/times/utmri8a.pfb>
Output written on thesis.pdf (153 pages, 966243 bytes).
PDF statistics:
 702 PDF objects out of 1000 (max. 8388607)
 0 named destinations out of 1000 (max. 500000)
 91 words of extra memory for PDF output out of 10000 (max. 10000000)

