This is pdfTeX, Version 3.14159265-2.6-1.40.18 (TeX Live 2017) (preloaded format=latex 2017.5.23)  29 MAY 2018 06:52
entering extended mode
 restricted \write18 enabled.
 %&-line parsing enabled.
**fmcad18
(./fmcad18.tex
LaTeX2e <2017-04-15>
Babel <3.10> and hyphenation patterns for 84 language(s) loaded.
(/Users/kalla/tex/inputs/IEEEtran.cls
Document Class: IEEEtran 2007/03/05 V1.7a by Michael Shell
-- See the "IEEEtran_HOWTO" manual for usage information.
-- http://www.michaelshell.org/tex/ieeetran/
\@IEEEtrantmpdimenA=\dimen102
\@IEEEtrantmpdimenB=\dimen103
\@IEEEtrantmpcountA=\count79
\@IEEEtrantmpcountB=\count80
\@IEEEtrantmptoksA=\toks14
LaTeX Font Info:    Try loading font information for OT1+ptm on input line 366.

(/usr/local/texlive/2017/texmf-dist/tex/latex/psnfss/ot1ptm.fd
File: ot1ptm.fd 2001/06/04 font definitions for OT1/ptm.
)
-- Using 8.5in x 11in (letter) paper.
-- Using DVI output.
\@IEEEnormalsizeunitybaselineskip=\dimen104
-- This is a 10 point document.
\CLASSINFOnormalsizebaselineskip=\dimen105
\CLASSINFOnormalsizeunitybaselineskip=\dimen106
\IEEEnormaljot=\dimen107
LaTeX Font Info:    Font shape `OT1/ptm/bx/n' in size <5> not available
(Font)              Font shape `OT1/ptm/b/n' tried instead on input line 724.
LaTeX Font Info:    Font shape `OT1/ptm/bx/it' in size <5> not available
(Font)              Font shape `OT1/ptm/b/it' tried instead on input line 724.
LaTeX Font Info:    Font shape `OT1/ptm/bx/n' in size <7> not available
(Font)              Font shape `OT1/ptm/b/n' tried instead on input line 724.
LaTeX Font Info:    Font shape `OT1/ptm/bx/it' in size <7> not available
(Font)              Font shape `OT1/ptm/b/it' tried instead on input line 724.
LaTeX Font Info:    Font shape `OT1/ptm/bx/n' in size <8> not available
(Font)              Font shape `OT1/ptm/b/n' tried instead on input line 724.
LaTeX Font Info:    Font shape `OT1/ptm/bx/it' in size <8> not available
(Font)              Font shape `OT1/ptm/b/it' tried instead on input line 724.
LaTeX Font Info:    Font shape `OT1/ptm/bx/n' in size <9> not available
(Font)              Font shape `OT1/ptm/b/n' tried instead on input line 724.
LaTeX Font Info:    Font shape `OT1/ptm/bx/it' in size <9> not available
(Font)              Font shape `OT1/ptm/b/it' tried instead on input line 724.
LaTeX Font Info:    Font shape `OT1/ptm/bx/n' in size <10> not available
(Font)              Font shape `OT1/ptm/b/n' tried instead on input line 724.
LaTeX Font Info:    Font shape `OT1/ptm/bx/it' in size <10> not available
(Font)              Font shape `OT1/ptm/b/it' tried instead on input line 724.
LaTeX Font Info:    Font shape `OT1/ptm/bx/n' in size <11> not available
(Font)              Font shape `OT1/ptm/b/n' tried instead on input line 724.
LaTeX Font Info:    Font shape `OT1/ptm/bx/it' in size <11> not available
(Font)              Font shape `OT1/ptm/b/it' tried instead on input line 724.
LaTeX Font Info:    Font shape `OT1/ptm/bx/n' in size <12> not available
(Font)              Font shape `OT1/ptm/b/n' tried instead on input line 724.
LaTeX Font Info:    Font shape `OT1/ptm/bx/it' in size <12> not available
(Font)              Font shape `OT1/ptm/b/it' tried instead on input line 724.
LaTeX Font Info:    Font shape `OT1/ptm/bx/n' in size <17> not available
(Font)              Font shape `OT1/ptm/b/n' tried instead on input line 724.
LaTeX Font Info:    Font shape `OT1/ptm/bx/it' in size <17> not available
(Font)              Font shape `OT1/ptm/b/it' tried instead on input line 724.
LaTeX Font Info:    Font shape `OT1/ptm/bx/n' in size <20> not available
(Font)              Font shape `OT1/ptm/b/n' tried instead on input line 724.
LaTeX Font Info:    Font shape `OT1/ptm/bx/it' in size <20> not available
(Font)              Font shape `OT1/ptm/b/it' tried instead on input line 724.
LaTeX Font Info:    Font shape `OT1/ptm/bx/n' in size <24> not available
(Font)              Font shape `OT1/ptm/b/n' tried instead on input line 724.
LaTeX Font Info:    Font shape `OT1/ptm/bx/it' in size <24> not available
(Font)              Font shape `OT1/ptm/b/it' tried instead on input line 724.
\IEEEilabelindentA=\dimen108
\IEEEilabelindentB=\dimen109
\IEEEilabelindent=\dimen110
\IEEEelabelindent=\dimen111
\IEEEdlabelindent=\dimen112
\IEEElabelindent=\dimen113
\IEEEiednormlabelsep=\dimen114
\IEEEiedmathlabelsep=\dimen115
\IEEEiedtopsep=\skip41
\c@section=\count81
\c@subsection=\count82
\c@subsubsection=\count83
\c@paragraph=\count84
\c@IEEEsubequation=\count85
\abovecaptionskip=\skip42
\belowcaptionskip=\skip43
\c@figure=\count86
\c@table=\count87
\@IEEEeqnnumcols=\count88
\@IEEEeqncolcnt=\count89
\@IEEEtmpitemindent=\dimen116
\c@IEEEbiography=\count90
\@IEEEtranrubishbin=\box26
) (/usr/local/texlive/2017/texmf-dist/tex/latex/amsfonts/amssymb.sty
Package: amssymb 2013/01/14 v3.01 AMS font symbols

(/usr/local/texlive/2017/texmf-dist/tex/latex/amsfonts/amsfonts.sty
Package: amsfonts 2013/01/14 v3.01 Basic AMSFonts support
\@emptytoks=\toks15
\symAMSa=\mathgroup4
\symAMSb=\mathgroup5
LaTeX Font Info:    Overwriting math alphabet `\mathfrak' in version `bold'
(Font)                  U/euf/m/n --> U/euf/b/n on input line 106.
))
(/usr/local/texlive/2017/texmf-dist/tex/latex/hyperref/hyperref.sty
Package: hyperref 2017/03/14 v6.85a Hypertext links for LaTeX

(/usr/local/texlive/2017/texmf-dist/tex/generic/oberdiek/hobsub-hyperref.sty
Package: hobsub-hyperref 2016/05/16 v1.14 Bundle oberdiek, subset hyperref (HO)


(/usr/local/texlive/2017/texmf-dist/tex/generic/oberdiek/hobsub-generic.sty
Package: hobsub-generic 2016/05/16 v1.14 Bundle oberdiek, subset generic (HO)
Package: hobsub 2016/05/16 v1.14 Construct package bundles (HO)
Package: infwarerr 2016/05/16 v1.4 Providing info/warning/error messages (HO)
Package: ltxcmds 2016/05/16 v1.23 LaTeX kernel commands for general use (HO)
Package: ifluatex 2016/05/16 v1.4 Provides the ifluatex switch (HO)
Package ifluatex Info: LuaTeX not detected.
Package: ifvtex 2016/05/16 v1.6 Detect VTeX and its facilities (HO)
Package ifvtex Info: VTeX not detected.
Package: intcalc 2016/05/16 v1.2 Expandable calculations with integers (HO)
Package: ifpdf 2017/03/15 v3.2 Provides the ifpdf switch
Package: etexcmds 2016/05/16 v1.6 Avoid name clashes with e-TeX commands (HO)
Package etexcmds Info: Could not find \expanded.
(etexcmds)             That can mean that you are not using pdfTeX 1.50 or
(etexcmds)             that some package has redefined \expanded.
(etexcmds)             In the latter case, load this package earlier.
Package: kvsetkeys 2016/05/16 v1.17 Key value parser (HO)
Package: kvdefinekeys 2016/05/16 v1.4 Define keys (HO)
Package: pdftexcmds 2017/03/19 v0.25 Utility functions of pdfTeX for LuaTeX (HO
)
Package pdftexcmds Info: LuaTeX not detected.
Package pdftexcmds Info: \pdf@primitive is available.
Package pdftexcmds Info: \pdf@ifprimitive is available.
Package pdftexcmds Info: \pdfdraftmode is ignored in DVI mode.
Package: pdfescape 2016/05/16 v1.14 Implements pdfTeX's escape features (HO)
Package: bigintcalc 2016/05/16 v1.4 Expandable calculations on big integers (HO
)
Package: bitset 2016/05/16 v1.2 Handle bit-vector datatype (HO)
Package: uniquecounter 2016/05/16 v1.3 Provide unlimited unique counter (HO)
)
Package hobsub Info: Skipping package `hobsub' (already loaded).
Package: letltxmacro 2016/05/16 v1.5 Let assignment for LaTeX macros (HO)
Package: hopatch 2016/05/16 v1.3 Wrapper for package hooks (HO)
Package: xcolor-patch 2016/05/16 xcolor patch
Package: atveryend 2016/05/16 v1.9 Hooks at the very end of document (HO)
Package atveryend Info: \enddocument detected (standard20110627).
Package: atbegshi 2016/06/09 v1.18 At begin shipout hook (HO)
Package: refcount 2016/05/16 v3.5 Data extraction from label references (HO)
Package: hycolor 2016/05/16 v1.8 Color options for hyperref/bookmark (HO)
)
(/Users/kalla/tex/inputs/keyval.sty
Package: keyval 1999/03/16 v1.13 key=value parser (DPC)
\KV@toks@=\toks16
)
(/usr/local/texlive/2017/texmf-dist/tex/generic/ifxetex/ifxetex.sty
Package: ifxetex 2010/09/12 v0.6 Provides ifxetex conditional
)
(/usr/local/texlive/2017/texmf-dist/tex/latex/oberdiek/auxhook.sty
Package: auxhook 2016/05/16 v1.4 Hooks for auxiliary files (HO)
)
(/usr/local/texlive/2017/texmf-dist/tex/latex/oberdiek/kvoptions.sty
Package: kvoptions 2016/05/16 v3.12 Key value format for package options (HO)
)
\@linkdim=\dimen117
\Hy@linkcounter=\count91
\Hy@pagecounter=\count92

(/usr/local/texlive/2017/texmf-dist/tex/latex/hyperref/pd1enc.def
File: pd1enc.def 2017/03/14 v6.85a Hyperref: PDFDocEncoding definition (HO)
)
\Hy@SavedSpaceFactor=\count93

(/usr/local/texlive/2017/texmf-dist/tex/latex/latexconfig/hyperref.cfg
File: hyperref.cfg 2002/06/06 v1.2 hyperref configuration of TeXLive
)
Package hyperref Info: Hyper figures OFF on input line 4498.
Package hyperref Info: Link nesting OFF on input line 4503.
Package hyperref Info: Hyper index ON on input line 4506.
Package hyperref Info: Plain pages OFF on input line 4513.
Package hyperref Info: Backreferencing OFF on input line 4518.
Package hyperref Info: Implicit mode ON; LaTeX internals redefined.
Package hyperref Info: Bookmarks ON on input line 4751.
\c@Hy@tempcnt=\count94

(/usr/local/texlive/2017/texmf-dist/tex/latex/url/url.sty
\Urlmuskip=\muskip10
Package: url 2013/09/16  ver 3.4  Verb mode for urls, etc.
)
LaTeX Info: Redefining \url on input line 5104.
\XeTeXLinkMargin=\dimen118
\Fld@menulength=\count95
\Field@Width=\dimen119
\Fld@charsize=\dimen120
Package hyperref Info: Hyper figures OFF on input line 6358.
Package hyperref Info: Link nesting OFF on input line 6363.
Package hyperref Info: Hyper index ON on input line 6366.
Package hyperref Info: backreferencing OFF on input line 6373.
Package hyperref Info: Link coloring OFF on input line 6378.
Package hyperref Info: Link coloring with OCG OFF on input line 6383.
Package hyperref Info: PDF/A mode OFF on input line 6388.
LaTeX Info: Redefining \ref on input line 6428.
LaTeX Info: Redefining \pageref on input line 6432.
\Hy@abspage=\count96
\c@Item=\count97
\c@Hfootnote=\count98
)

Package hyperref Message: Driver (default): hdvips.

(/usr/local/texlive/2017/texmf-dist/tex/latex/hyperref/hdvips.def
File: hdvips.def 2017/03/14 v6.85a Hyperref driver for dvips

(/usr/local/texlive/2017/texmf-dist/tex/latex/hyperref/pdfmark.def
File: pdfmark.def 2017/03/14 v6.85a Hyperref definitions for pdfmark specials
\pdf@docset=\toks17
\pdf@box=\box27
\pdf@toks=\toks18
\pdf@defaulttoks=\toks19
\HyField@AnnotCount=\count99
\Fld@listcount=\count100
\c@bookmark@seq@number=\count101

(/usr/local/texlive/2017/texmf-dist/tex/latex/oberdiek/rerunfilecheck.sty
Package: rerunfilecheck 2016/05/16 v1.8 Rerun checks for auxiliary files (HO)
Package uniquecounter Info: New unique counter `rerunfilecheck' on input line 2
82.
)
\Hy@SectionHShift=\skip44
))
(/usr/local/texlive/2017/texmf-dist/tex/latex/tools/xspace.sty
Package: xspace 2014/10/28 v1.13 Space after command names (DPC,MH)
)
(/Users/kalla/tex/inputs/algorithm.sty
Package: algorithm 

Document Style `algorithm' - floating environment
(/usr/local/texlive/2017/texmf-dist/tex/latex/float/float.sty
Package: float 2001/11/08 v1.3d Float enhancements (AL)
\c@float@type=\count102
\float@exts=\toks20
\float@box=\box28
\@float@everytoks=\toks21
\@floatcapt=\box29
)
(/usr/local/texlive/2017/texmf-dist/tex/latex/base/ifthen.sty
Package: ifthen 2014/09/29 v1.1c Standard LaTeX ifthen package (DPC)
)
\@float@every@algorithm=\toks22
\c@algorithm=\count103
)
(/Users/kalla/tex/inputs/algpseudocode.sty
Package: algpseudocode 

(/Users/kalla/tex/inputs/algorithmicx.sty
Package: algorithmicx 2005/04/27 v1.2 Algorithmicx

Document Style algorithmicx 1.2 - a greatly improved `algorithmic' style
\c@ALG@line=\count104
\c@ALG@rem=\count105
\c@ALG@nested=\count106
\ALG@tlm=\skip45
\ALG@thistlm=\skip46
\c@ALG@Lnr=\count107
\c@ALG@blocknr=\count108
\c@ALG@storecount=\count109
\c@ALG@tmpcounter=\count110
\ALG@tmplength=\skip47
)
Document Style - pseudocode environments for use with the `algorithmicx' style
) (/usr/local/texlive/2017/texmf-dist/tex/latex/amsmath/amsbsy.sty
Package: amsbsy 1999/11/29 v1.2d Bold Symbols

(/usr/local/texlive/2017/texmf-dist/tex/latex/amsmath/amsgen.sty
File: amsgen.sty 1999/11/30 v2.0 generic functions
\@emptytoks=\toks23
\ex@=\dimen121
)
\pmbraise@=\dimen122
)
(/usr/local/texlive/2017/texmf-dist/tex/latex/amscls/amsthm.sty
Package: amsthm 2015/03/04 v2.20.2
\thm@style=\toks24
\thm@bodyfont=\toks25
\thm@headfont=\toks26
\thm@notefont=\toks27
\thm@headpunct=\toks28
\thm@preskip=\skip48
\thm@postskip=\skip49
\thm@headsep=\skip50
\dth@everypar=\toks29
)
(/Users/kalla/tex/inputs/graphicx.sty
Package: graphicx 1999/02/16 v1.0f Enhanced LaTeX Graphics (DPC,SPQR)
 (/Users/kalla/tex/inputs/graphics.sty
Package: graphics 2009/02/05 v1.0o Standard LaTeX Graphics (DPC,SPQR)

(/Users/kalla/tex/inputs/trig.sty
Package: trig 1999/03/16 v1.09 sin cos tan (DPC)
)
(/usr/local/texlive/2017/texmf-dist/tex/latex/graphics-cfg/graphics.cfg
File: graphics.cfg 2016/06/04 v1.11 sample graphics configuration
)
Package graphics Info: Driver file: dvips.def on input line 91.

(/Users/kalla/tex/inputs/dvips.def
File: dvips.def 1999/02/16 v3.0i Driver-dependant file (DPC,SPQR)
))
\Gin@req@height=\dimen123
\Gin@req@width=\dimen124
)
(/usr/local/texlive/2017/texmf-dist/tex/latex/psnfss/helvet.sty
Package: helvet 2005/04/12 PSNFSS-v9.2a (WaS) 
)
(/usr/local/texlive/2017/texmf-dist/tex/latex/tools/enumerate.sty
Package: enumerate 2015/07/23 v3.00 enumerate extensions (DPC)
\@enLab=\toks30
)
(/usr/local/texlive/2017/texmf-dist/tex/latex/amsmath/amsmath.sty
Package: amsmath 2016/11/05 v2.16a AMS math features
\@mathmargin=\skip51

For additional information on amsmath, use the `?' option.
(/usr/local/texlive/2017/texmf-dist/tex/latex/amsmath/amstext.sty
Package: amstext 2000/06/29 v2.01 AMS text
)
(/usr/local/texlive/2017/texmf-dist/tex/latex/amsmath/amsopn.sty
Package: amsopn 2016/03/08 v2.02 operator names
)
\inf@bad=\count111
LaTeX Info: Redefining \frac on input line 213.
\uproot@=\count112
\leftroot@=\count113
LaTeX Info: Redefining \overline on input line 375.
\classnum@=\count114
\DOTSCASE@=\count115
LaTeX Info: Redefining \ldots on input line 472.
LaTeX Info: Redefining \dots on input line 475.
LaTeX Info: Redefining \cdots on input line 596.
\Mathstrutbox@=\box30
\strutbox@=\box31
\big@size=\dimen125
LaTeX Font Info:    Redeclaring font encoding OML on input line 712.
LaTeX Font Info:    Redeclaring font encoding OMS on input line 713.
\macc@depth=\count116
\c@MaxMatrixCols=\count117
\dotsspace@=\muskip11
\c@parentequation=\count118
\dspbrk@lvl=\count119
\tag@help=\toks31
\row@=\count120
\column@=\count121
\maxfields@=\count122
\andhelp@=\toks32
\eqnshift@=\dimen126
\alignsep@=\dimen127
\tagshift@=\dimen128
\tagwidth@=\dimen129
\totwidth@=\dimen130
\lineht@=\dimen131
\@envbody=\toks33
\multlinegap=\skip52
\multlinetaggap=\skip53
\mathdisplay@stack=\toks34
LaTeX Info: Redefining \[ on input line 2817.
LaTeX Info: Redefining \] on input line 2818.
)
(/usr/local/texlive/2017/texmf-dist/tex/latex/multirow/multirow.sty
Package: multirow 2016/11/25 v2.2 Span multiple rows of a table
\multirow@colwidth=\skip54
\multirow@cntb=\count123
\multirow@dima=\skip55
\bigstrutjot=\dimen132
)
(/usr/local/texlive/2017/texmf-dist/tex/latex/subfig/subfig.sty
Package: subfig 2005/06/28 ver: 1.3 subfig package

(/Users/kalla/tex/inputs/caption.sty
Package: caption 2010/01/09 v3.1m Customizing captions (AR)
 (/Users/kalla/tex/inputs/caption3.sty
Package: caption3 2010/01/14 v3.1m caption3 kernel (AR)
\captionmargin=\dimen133
\captionmargin@=\dimen134
\captionwidth=\dimen135
\caption@indent=\dimen136
\caption@parindent=\dimen137
\caption@hangindent=\dimen138
Package caption Info: Unknown document class (or package),
(caption)             standard defaults will be used on input line 1084.
)

Package caption Warning: Unsupported document class (or package) detected,
(caption)                usage of the caption package is not recommended.
See the caption package documentation for explanation.

Package caption Info: \@makecaption = \long macro:#1#2->\ifx \@captype \@IEEEta
blestring \footnotesize \begin {center}{\normalfont \footnotesize #1}\\{\normal
font \footnotesize \scshape #2}\end {center}\@IEEEtablecaptionsepspace \else \@
IEEEfigurecaptionsepspace \setbox \@tempboxa \hbox {\normalfont \footnotesize {
#1.}~~ #2}\ifdim \wd \@tempboxa >\hsize \setbox \@tempboxa \hbox {\normalfont \
footnotesize {#1.}~~ }\parbox [t]{\hsize }{\normalfont \footnotesize \noindent 
\unhbox \@tempboxa #2}\else \ifCLASSOPTIONconference \hbox to\hsize {\normalfon
t \footnotesize \hfil \box \@tempboxa \hfil }\else \hbox to\hsize {\normalfont 
\footnotesize \box \@tempboxa \hfil }\fi \fi \fi .
\c@ContinuedFloat=\count124
Package caption Info: float package is loaded.
Package caption Info: hyperref package is loaded.
)
\c@KVtest=\count125
\sf@farskip=\skip56
\sf@captopadj=\dimen139
\sf@capskip=\skip57
\sf@nearskip=\skip58
\c@subfigure=\count126
\c@subfigure@save=\count127
\c@lofdepth=\count128
\c@subtable=\count129
\c@subtable@save=\count130
\c@lotdepth=\count131
\sf@top=\skip59
\sf@bottom=\skip60
) (/usr/local/texlive/2017/texmf-dist/tex/latex/comment/comment.sty
\CommentStream=\write3

Excluding comment 'comment')
(/usr/local/texlive/2017/texmf-dist/tex/latex/cases/cases.sty
Package: cases 2002/05/02 ver 2.5 
)
(/usr/local/texlive/2017/texmf-dist/tex/latex/xcolor/xcolor.sty
Package: xcolor 2016/05/11 v2.12 LaTeX color extensions (UK)

(/usr/local/texlive/2017/texmf-dist/tex/latex/graphics-cfg/color.cfg
File: color.cfg 2016/01/02 v1.6 sample color configuration
)
Package xcolor Info: Driver file: dvips.def on input line 225.
Package xcolor Info: Model `cmy' substituted by `cmy0' on input line 1348.
Package xcolor Info: Model `RGB' extended on input line 1364.
Package xcolor Info: Model `HTML' substituted by `rgb' on input line 1366.
Package xcolor Info: Model `Hsb' substituted by `hsb' on input line 1367.
Package xcolor Info: Model `tHsb' substituted by `hsb' on input line 1368.
Package xcolor Info: Model `HSB' substituted by `hsb' on input line 1369.
Package xcolor Info: Model `Gray' substituted by `gray' on input line 1370.
Package xcolor Info: Model `wave' substituted by `hsb' on input line 1371.
)
(/usr/local/texlive/2017/texmf-dist/tex/latex/oberdiek/epstopdf.sty
Package: epstopdf 2016/05/15 v2.6 Conversion with epstopdf on the fly (HO)

(/usr/local/texlive/2017/texmf-dist/tex/latex/oberdiek/epstopdf-base.sty
Package: epstopdf-base 2016/05/15 v2.6 Base part for package epstopdf

(/usr/local/texlive/2017/texmf-dist/tex/latex/oberdiek/grfext.sty
Package: grfext 2016/05/16 v1.2 Manage graphics extensions (HO)
)

Package epstopdf Warning: Drivers other than `pdftex' and `luatex' are not supp
orted.

)) (/usr/local/texlive/2017/texmf-dist/tex/generic/ulem/ulem.sty
\UL@box=\box32
\UL@hyphenbox=\box33
\UL@skip=\skip61
\UL@hook=\toks35
\UL@height=\dimen140
\UL@pe=\count132
\UL@pixel=\dimen141
\ULC@box=\box34
Package: ulem 2012/05/18
\ULdepth=\dimen142
)
(/usr/local/texlive/2017/texmf-dist/tex/latex/diagbox/diagbox.sty
Package: diagbox 2016/12/28 v2.2 Making table heads with diagonal lines

(/usr/local/texlive/2017/texmf-dist/tex/latex/pict2e/pict2e.sty
Package: pict2e 2016/02/05 v0.3b Improved picture commands (HjG,RN,JT)

(/usr/local/texlive/2017/texmf-dist/tex/latex/pict2e/pict2e.cfg
File: pict2e.cfg 2016/02/05 v0.1u pict2e configuration for teTeX/TeXLive
)
Package pict2e Info: Driver file: dvips.def on input line 119.
Package pict2e Info: Driver file for pict2e: p2e-dvips.def on input line 121.

(/usr/local/texlive/2017/texmf-dist/tex/latex/pict2e/p2e-dvips.def
File: p2e-dvips.def 2016/02/05 v0.1u Driver-dependant file (RN,HjG,JT)
)
\pIIe@GRAPH=\toks36
\@arclen=\dimen143
\@arcrad=\dimen144
\@tempdimd=\dimen145
)
(/usr/local/texlive/2017/texmf-dist/tex/latex/fp/fp.sty
Package: fp 1995/04/02

`Fixed Point Package', Version 0.8, April 2, 1995 (C) Michael Mehlich
(/usr/local/texlive/2017/texmf-dist/tex/latex/fp/defpattern.sty
Package: defpattern 1994/10/12
\actioncount=\count133
)
(/usr/local/texlive/2017/texmf-dist/tex/latex/fp/fp-basic.sty
Package: fp-basic 1996/05/13
\FP@xs=\count134
\FP@xia=\count135
\FP@xib=\count136
\FP@xfa=\count137
\FP@xfb=\count138
\FP@rega=\count139
\FP@regb=\count140
\FP@regs=\count141
\FP@times=\count142
)
(/usr/local/texlive/2017/texmf-dist/tex/latex/fp/fp-addons.sty
Package: fp-addons 1995/03/15
)
(/usr/local/texlive/2017/texmf-dist/tex/latex/fp/fp-snap.sty
Package: fp-snap 1995/04/05
)
(/usr/local/texlive/2017/texmf-dist/tex/latex/fp/fp-exp.sty
Package: fp-exp 1995/04/03
)
(/usr/local/texlive/2017/texmf-dist/tex/latex/fp/fp-trigo.sty
Package: fp-trigo 1995/04/14
)
(/usr/local/texlive/2017/texmf-dist/tex/latex/fp/fp-pas.sty
Package: fp-pas 1994/08/29
)
(/usr/local/texlive/2017/texmf-dist/tex/latex/fp/fp-random.sty
Package: fp-random 1995/02/23
\FPseed=\count143
)
(/usr/local/texlive/2017/texmf-dist/tex/latex/fp/fp-eqn.sty
Package: fp-eqn 1995/04/03
)
(/usr/local/texlive/2017/texmf-dist/tex/latex/fp/fp-upn.sty
Package: fp-upn 1996/10/21
)
(/usr/local/texlive/2017/texmf-dist/tex/latex/fp/fp-eval.sty
Package: fp-eval 1995/04/03
))
(/usr/local/texlive/2017/texmf-dist/tex/latex/tools/calc.sty
Package: calc 2014/10/28 v4.3 Infix arithmetic (KKT,FJ)
\calc@Acount=\count144
\calc@Bcount=\count145
\calc@Adimen=\dimen146
\calc@Bdimen=\dimen147
\calc@Askip=\skip62
\calc@Bskip=\skip63
LaTeX Info: Redefining \setlength on input line 80.
LaTeX Info: Redefining \addtolength on input line 81.
\calc@Ccount=\count146
\calc@Cskip=\skip64
)
(/usr/local/texlive/2017/texmf-dist/tex/latex/tools/array.sty
Package: array 2016/10/06 v2.4d Tabular extension package (FMi)
\col@sep=\dimen148
\extrarowheight=\dimen149
\NC@list=\toks37
\extratabsurround=\skip65
\backup@length=\skip66
)
\diagbox@boxa=\box35
\diagbox@boxb=\box36
\diagbox@boxm=\box37
\diagbox@wd=\dimen150
\diagbox@ht=\dimen151
\diagbox@insepl=\dimen152
\diagbox@insepr=\dimen153
\diagbox@outsepl=\dimen154
\diagbox@outsepr=\dimen155
)
(/usr/local/texlive/2017/texmf-dist/tex/latex/tools/bm.sty
Package: bm 2017/01/16 v1.2c Bold Symbol Support (DPC/FMi)
\symboldoperators=\mathgroup6
\symboldletters=\mathgroup7
\symboldsymbols=\mathgroup8
LaTeX Font Info:    Redeclaring math alphabet \mathbf on input line 141.
LaTeX Info: Redefining \bm on input line 207.
)
\c@Algorithm=\count147
\c@Definition=\count148
\c@Example=\count149
\c@Proposition=\count150
\c@Lemma=\count151
\c@Theorem=\count152
\c@Proof=\count153
\c@Corollary=\count154
\c@Conjecture=\count155
\c@Problem=\count156
\c@Notation=\count157
\c@Setup=\count158
 (./fmcad18.aux)
\openout1 = `fmcad18.aux'.

LaTeX Font Info:    Checking defaults for OML/cmm/m/it on input line 129.
LaTeX Font Info:    ... okay on input line 129.
LaTeX Font Info:    Checking defaults for T1/cmr/m/n on input line 129.
LaTeX Font Info:    ... okay on input line 129.
LaTeX Font Info:    Checking defaults for OT1/cmr/m/n on input line 129.
LaTeX Font Info:    ... okay on input line 129.
LaTeX Font Info:    Checking defaults for OMS/cmsy/m/n on input line 129.
LaTeX Font Info:    ... okay on input line 129.
LaTeX Font Info:    Checking defaults for OMX/cmex/m/n on input line 129.
LaTeX Font Info:    ... okay on input line 129.
LaTeX Font Info:    Checking defaults for U/cmr/m/n on input line 129.
LaTeX Font Info:    ... okay on input line 129.
LaTeX Font Info:    Checking defaults for PD1/pdf/m/n on input line 129.
LaTeX Font Info:    ... okay on input line 129.
\AtBeginShipoutBox=\box38
Package hyperref Info: Link coloring OFF on input line 129.

(/usr/local/texlive/2017/texmf-dist/tex/latex/hyperref/nameref.sty
Package: nameref 2016/05/21 v2.44 Cross-referencing by name of section

(/usr/local/texlive/2017/texmf-dist/tex/generic/oberdiek/gettitlestring.sty
Package: gettitlestring 2016/05/16 v1.5 Cleanup title references (HO)
)
\c@section@level=\count159
)
LaTeX Info: Redefining \ref on input line 129.
LaTeX Info: Redefining \pageref on input line 129.
LaTeX Info: Redefining \nameref on input line 129.

(./fmcad18.out) (./fmcad18.out)
\@outlinefile=\write4
\openout4 = `fmcad18.out'.

Package caption Info: Begin \AtBeginDocument code.
Package caption3 Info: subfig package 1.2 or 1.3 is loaded.
LaTeX Info: Redefining \subref on input line 129.
Package caption Info: End \AtBeginDocument code.
LaTeX Font Info:    Calculating math sizes for size <11> on input line 151.
LaTeX Font Info:    Try loading font information for U+msa on input line 151.

(/usr/local/texlive/2017/texmf-dist/tex/latex/amsfonts/umsa.fd
File: umsa.fd 2013/01/14 v3.01 AMS symbols A
)
LaTeX Font Info:    Try loading font information for U+msb on input line 151.

(/usr/local/texlive/2017/texmf-dist/tex/latex/amsfonts/umsb.fd
File: umsb.fd 2013/01/14 v3.01 AMS symbols B
) (./abstract.tex) (./prev_work_final.tex [1


]) (./prelim_pk.tex

Package hyperref Warning: Difference (2) between bookmark levels is greater 
(hyperref)                than one, level fixed on input line 49.


Package hyperref Warning: Token not allowed in a PDF string (PDFDocEncoding):
(hyperref)                removing `math shift' on input line 49.


Package hyperref Warning: Token not allowed in a PDF string (PDFDocEncoding):
(hyperref)                removing `\@@underline' on input line 49.


Package hyperref Warning: Token not allowed in a PDF string (PDFDocEncoding):
(hyperref)                removing `\hbox' on input line 49.


Package hyperref Warning: Token not allowed in a PDF string (PDFDocEncoding):
(hyperref)                removing `\mathsurround' on input line 49.


Package hyperref Warning: Token not allowed in a PDF string (PDFDocEncoding):
(hyperref)                removing `\z@' on input line 49.


Package hyperref Warning: Token not allowed in a PDF string (PDFDocEncoding):
(hyperref)                removing `math shift' on input line 49.

Package hyperref Info: bookmark level for unknown algorithm defaults to 0 on in
put line 69.

Package hyperref Warning: Token not allowed in a PDF string (PDFDocEncoding):
(hyperref)                removing `math shift' on input line 109.


Package hyperref Warning: Token not allowed in a PDF string (PDFDocEncoding):
(hyperref)                removing `\@@underline' on input line 109.


Package hyperref Warning: Token not allowed in a PDF string (PDFDocEncoding):
(hyperref)                removing `\hbox' on input line 109.


Package hyperref Warning: Token not allowed in a PDF string (PDFDocEncoding):
(hyperref)                removing `\mathsurround' on input line 109.


Package hyperref Warning: Token not allowed in a PDF string (PDFDocEncoding):
(hyperref)                removing `\z@' on input line 109.


Package hyperref Warning: Token not allowed in a PDF string (PDFDocEncoding):
(hyperref)                removing `math shift' on input line 109.

[2]

Package hyperref Warning: Token not allowed in a PDF string (PDFDocEncoding):
(hyperref)                removing `math shift' on input line 342.


Package hyperref Warning: Token not allowed in a PDF string (PDFDocEncoding):
(hyperref)                removing `\@@underline' on input line 342.


Package hyperref Warning: Token not allowed in a PDF string (PDFDocEncoding):
(hyperref)                removing `\hbox' on input line 342.


Package hyperref Warning: Token not allowed in a PDF string (PDFDocEncoding):
(hyperref)                removing `\mathsurround' on input line 342.


Package hyperref Warning: Token not allowed in a PDF string (PDFDocEncoding):
(hyperref)                removing `\z@' on input line 342.


Package hyperref Warning: Token not allowed in a PDF string (PDFDocEncoding):
(hyperref)                removing `math shift' on input line 342.


Underfull \hbox (badness 3646) in paragraph at lines 364--365
[][][][]\OT1/ptm/b/n/10 Theorem III.1 \OT1/ptm/m/n/10 (\OT1/ptm/m/it/10 The Str
ong Null-stel-len-satz over fi-nite
 []


Underfull \hbox (badness 4582) in paragraph at lines 364--365
\OT1/ptm/m/it/10 fields (The-o-rem 3.2 in [[]]))\OT1/ptm/b/n/10 . []\OT1/ptm/m/
n/10 For any ideal $\OML/cmm/m/it/10 J \OMS/cmsy/m/n/10 ^^Z
 []

) (./verify.tex [3]
File: mas_red_bug.eps Graphic file (type eps)
 <mas_red_bug.eps>) (./rectify.tex [4]

Package hyperref Warning: Difference (2) between bookmark levels is greater 
(hyperref)                than one, level fixed on input line 19.


Underfull \hbox (badness 1776) in paragraph at lines 78--80
[]$\OML/cmm/m/it/10 J[] \OT1/cmr/m/n/10 = \OMS/cmsy/m/n/10 h\OML/cmm/m/it/10 F[
]\OMS/cmsy/m/n/10 i$\OT1/ptm/m/n/10 , where $\OML/cmm/m/it/10 F[] \OT1/cmr/m/n/
10 = \OMS/cmsy/m/n/10 f\OML/cmm/m/it/10 f[]; [] ; f[]; f[] \OT1/cmr/m/n/10 =
 []

** ATTENTION: \proof is deprecated (line 97). Use \IEEEproof instead.
[5]) (./unknown.tex

Package amsmath Warning: Cannot use `split' here;
(amsmath)                trying to recover with `aligned' on input line 41.


Package amsmath Warning: Cannot use `split' here;
(amsmath)                trying to recover with `aligned' on input line 45.


Underfull \hbox (badness 2547) in paragraph at lines 65--74
[]\OT1/ptm/m/n/10 This ideal mem-ber-ship im-plies that $\OML/cmm/m/it/10 r$ \O
T1/ptm/m/n/10 can be writ-
 []


Underfull \hbox (badness 1910) in paragraph at lines 65--74
\OT1/ptm/m/n/10 ten as some poly-no-mial com-bi-na-tion of the gen-er-a-tors
 []

LaTeX Font Info:    Try loading font information for OMS+ptm on input line 101.

(/usr/local/texlive/2017/texmf-dist/tex/latex/psnfss/omsptm.fd
File: omsptm.fd 
)
LaTeX Font Info:    Font shape `OMS/ptm/m/n' in size <10> not available
(Font)              Font shape `OMS/cmsy/m/n' tried instead on input line 101.
 [6])
(./experiments.tex

Package hyperref Warning: Difference (2) between bookmark levels is greater 
(hyperref)                than one, level fixed on input line 20.

[7]
Underfull \vbox (badness 2057) has occurred while \output is active []

)
(./fmcad18.bbl [8]
Missing character: There is no Ã in font ptmr7t!
Missing character: There is no Ÿ in font ptmr7t!
Missing character: There is no Ã in font ptmr7t!
Missing character: There is no ¼ in font ptmr7t!
)
Package atveryend Info: Empty hook `BeforeClearDocument' on input line 167.
 [9]
Package atveryend Info: Empty hook `AfterLastShipout' on input line 167.
 (./fmcad18.aux)
Package atveryend Info: Empty hook `AtVeryEndDocument' on input line 167.
Package atveryend Info: Executing hook `AtEndAfterFileList' on input line 167.
Package rerunfilecheck Info: File `fmcad18.out' has not changed.
(rerunfilecheck)             Checksum: 99A2F7529DA520CDC595CE4774B7AFE5;1575.
Package atveryend Info: Empty hook `AtVeryVeryEnd' on input line 167.
 )
(\end occurred when \ifx on line 161 was incomplete) 
Here is how much of TeX's memory you used:
 9983 strings out of 492996
 145705 string characters out of 6132730
 306780 words of memory out of 5000000
 13329 multiletter control sequences out of 15000+600000
 44180 words of font info for 120 fonts, out of 8000000 for 9000
 1141 hyphenation exceptions out of 8191
 44i,18n,42p,505b,474s stack positions out of 5000i,500n,10000p,200000b,80000s

Output written on fmcad18.dvi (9 pages, 142620 bytes).
